Dec-19 14:00:22.235 [main] DEBUG nextflow.cli.Launcher - $> nextflow run annotation_pipeline.nf
Dec-19 14:00:22.332 [main] INFO  nextflow.cli.CmdRun - N E X T F L O W  ~  version 19.10.0
Dec-19 14:00:22.392 [main] INFO  nextflow.cli.CmdRun - Launching `annotation_pipeline.nf` [festering_keller] - revision: a459413051
Dec-19 14:00:22.409 [main] DEBUG nextflow.config.ConfigBuilder - Found config local: /scratch/hdd/bmarquis/annotation_pipeline_nextflow/nextflow.config
Dec-19 14:00:22.410 [main] DEBUG nextflow.config.ConfigBuilder - Parsing config file: /scratch/hdd/bmarquis/annotation_pipeline_nextflow/nextflow.config
Dec-19 14:00:22.457 [main] DEBUG nextflow.config.ConfigBuilder - Applying config profile: `standard`
Dec-19 14:00:22.800 [main] DEBUG nextflow.extension.OperatorEx - Dataflow extension methods: branch,buffer,chain,choice,collate,collect,collectFile,combine,concat,count,countBy,countFasta,countFastq,countLines,countText,cross,distinct,filter,first,flatMap,flatten,fork,groupBy,groupTuple,ifEmpty,into,join,last,map,max,mean,merge,min,mix,phase,print,println,randomSample,reduce,separate,set,splitCsv,splitFasta,splitFastq,splitText,spread,subscribe,sum,take,tap,toDouble,toFloat,toInteger,toList,toLong,toSortedList,transpose,unique,until,view
Dec-19 14:00:22.805 [main] DEBUG nextflow.Session - Session uuid: ade18b0c-ad2b-45ce-811d-b043744aa358
Dec-19 14:00:22.805 [main] DEBUG nextflow.Session - Run name: festering_keller
Dec-19 14:00:22.806 [main] DEBUG nextflow.Session - Executor pool size: 112
Dec-19 14:00:22.834 [main] DEBUG nextflow.cli.CmdRun - 
  Version: 19.10.0 build 5170
  Created: 21-10-2019 15:07 UTC (17:07 CEST)
  System: Linux 5.0.0-36-generic
  Runtime: Groovy 2.5.8 on OpenJDK 64-Bit Server VM 11.0.1-internal+0-adhoc..src
  Encoding: UTF-8 (UTF-8)
  Process: 33107@HOS60345 [127.0.1.1]
  CPUs: 112 - Mem: 376.6 GB (15.5 GB) - Swap: 2 GB (1.7 GB)
Dec-19 14:00:22.858 [main] DEBUG nextflow.Session - Work-dir: /scratch/hdd/bmarquis/annotation_pipeline_nextflow/work [ext2/ext3]
Dec-19 14:00:22.878 [main] DEBUG nextflow.Session - Observer factory: TowerFactory
Dec-19 14:00:22.879 [main] DEBUG nextflow.Session - Observer factory: DefaultObserverFactory
Dec-19 14:00:23.337 [main] DEBUG nextflow.Session - Session start invoked
Dec-19 14:00:23.886 [main] DEBUG nextflow.script.ScriptRunner - > Launching execution
Dec-19 14:00:23.900 [main] INFO  nextflow.Nextflow - faa/*.faa
Dec-19 14:00:23.904 [main] INFO  nextflow.Nextflow - =====================================
Dec-19 14:00:23.904 [main] INFO  nextflow.Nextflow - input                  : faa/*.faa
Dec-19 14:00:23.905 [main] INFO  nextflow.Nextflow - COG                    : true
Dec-19 14:00:23.905 [main] INFO  nextflow.Nextflow - Orthofinder            : true
Dec-19 14:00:23.905 [main] INFO  nextflow.Nextflow - Orthofinder path       : /scratch/hdd/bmarquis/annotation_pipeline_nextflow/faa
Dec-19 14:00:23.905 [main] INFO  nextflow.Nextflow - Core missing           : 10
Dec-19 14:00:23.905 [main] INFO  nextflow.Nextflow - Executor               : local
Dec-19 14:00:24.153 [main] DEBUG nextflow.executor.ExecutorFactory - << taskConfig executor: null
Dec-19 14:00:24.154 [main] DEBUG nextflow.executor.ExecutorFactory - >> processorType: 'local'
Dec-19 14:00:24.158 [main] DEBUG nextflow.executor.Executor - [warm up] executor > local
Dec-19 14:00:24.163 [main] DEBUG n.processor.LocalPollingMonitor - Creating local task monitor for executor 'local' > cpus=8; memory=32 GB; capacity=112; pollInterval=100ms; dumpInterval=5m
Dec-19 14:00:24.200 [main] DEBUG nextflow.processor.TaskProcessor - Creating operator > copy_local_assemblies -- maxForks: 112
Dec-19 14:00:24.262 [main] WARN  nextflow.extension.IntoOp - The `into` operator should be used to connect two or more target channels -- consider to replace it with `.set { all_raw_gbff }`
Dec-19 14:00:24.289 [main] DEBUG nextflow.executor.ExecutorFactory - << taskConfig executor: null
Dec-19 14:00:24.290 [main] DEBUG nextflow.executor.ExecutorFactory - >> processorType: 'local'
Dec-19 14:00:24.293 [main] DEBUG nextflow.processor.TaskProcessor - Creating operator > gbk_check -- maxForks: 112
Dec-19 14:00:24.308 [main] DEBUG nextflow.executor.ExecutorFactory - << taskConfig executor: null
Dec-19 14:00:24.308 [main] DEBUG nextflow.executor.ExecutorFactory - >> processorType: 'local'
Dec-19 14:00:24.311 [main] DEBUG nextflow.processor.TaskProcessor - Creating *combiner* operator for each param(s) at index(es): [0]
Dec-19 14:00:24.320 [main] DEBUG nextflow.processor.TaskProcessor - Creating operator > convert_gbk_to_faa -- maxForks: 112
Dec-19 14:00:24.347 [main] WARN  nextflow.extension.IntoOp - The `into` operator should be used to connect two or more target channels -- consider to replace it with `.set { merged_faa0 }`
Dec-19 14:00:24.350 [main] DEBUG nextflow.executor.ExecutorFactory - << taskConfig executor: null
Dec-19 14:00:24.350 [main] DEBUG nextflow.executor.ExecutorFactory - >> processorType: 'local'
Dec-19 14:00:24.351 [main] DEBUG nextflow.processor.TaskProcessor - Creating operator > get_nr_sequences -- maxForks: 112
Dec-19 14:00:24.384 [main] DEBUG nextflow.executor.ExecutorFactory - << taskConfig executor: null
Dec-19 14:00:24.384 [main] DEBUG nextflow.executor.ExecutorFactory - >> processorType: 'local'
Dec-19 14:00:24.388 [main] DEBUG nextflow.processor.TaskProcessor - Creating operator > prepare_orthofinder -- maxForks: 112
Dec-19 14:00:24.399 [main] DEBUG nextflow.executor.ExecutorFactory - << taskConfig executor: null
Dec-19 14:00:24.400 [main] DEBUG nextflow.executor.ExecutorFactory - >> processorType: 'local'
Dec-19 14:00:24.402 [main] DEBUG nextflow.processor.TaskProcessor - Creating *combiner* operator for each param(s) at index(es): [1, 2]
Dec-19 14:00:24.404 [main] DEBUG nextflow.processor.TaskProcessor - Creating operator > blast_orthofinder -- maxForks: 112
Dec-19 14:00:24.412 [main] DEBUG nextflow.executor.ExecutorFactory - << taskConfig executor: null
Dec-19 14:00:24.412 [main] DEBUG nextflow.executor.ExecutorFactory - >> processorType: 'local'
Dec-19 14:00:24.414 [main] DEBUG nextflow.processor.TaskProcessor - Creating operator > orthofinder_main -- maxForks: 112
Dec-19 14:00:24.422 [main] DEBUG nextflow.executor.ExecutorFactory - << taskConfig executor: null
Dec-19 14:00:24.422 [main] DEBUG nextflow.executor.ExecutorFactory - >> processorType: 'local'
Dec-19 14:00:24.423 [main] DEBUG nextflow.processor.TaskProcessor - Creating operator > orthogroups2fasta -- maxForks: 112
Dec-19 14:00:24.436 [main] DEBUG nextflow.executor.ExecutorFactory - << taskConfig executor: null
Dec-19 14:00:24.436 [main] DEBUG nextflow.executor.ExecutorFactory - >> processorType: 'local'
Dec-19 14:00:24.437 [main] DEBUG nextflow.processor.TaskProcessor - Creating operator > align_with_mafft -- maxForks: 112
Dec-19 14:00:24.450 [main] DEBUG nextflow.executor.ExecutorFactory - << taskConfig executor: null
Dec-19 14:00:24.450 [main] DEBUG nextflow.executor.ExecutorFactory - >> processorType: 'local'
Dec-19 14:00:24.457 [main] DEBUG nextflow.processor.TaskProcessor - Creating *combiner* operator for each param(s) at index(es): [0]
Dec-19 14:00:24.457 [main] DEBUG nextflow.processor.TaskProcessor - Creating operator > orthogroups_phylogeny_with_fasttree3 -- maxForks: 112
Dec-19 14:00:24.461 [main] DEBUG nextflow.executor.ExecutorFactory - << taskConfig executor: null
Dec-19 14:00:24.461 [main] DEBUG nextflow.executor.ExecutorFactory - >> processorType: 'local'
Dec-19 14:00:24.462 [main] DEBUG nextflow.processor.TaskProcessor - Creating *combiner* operator for each param(s) at index(es): [0]
Dec-19 14:00:24.463 [main] DEBUG nextflow.processor.TaskProcessor - Creating operator > orthogroups_phylogeny_with_iqtree -- maxForks: 112
Dec-19 14:00:24.467 [main] DEBUG nextflow.executor.ExecutorFactory - << taskConfig executor: null
Dec-19 14:00:24.467 [main] DEBUG nextflow.executor.ExecutorFactory - >> processorType: 'local'
Dec-19 14:00:24.467 [main] DEBUG nextflow.processor.TaskProcessor - Creating *combiner* operator for each param(s) at index(es): [0]
Dec-19 14:00:24.468 [main] DEBUG nextflow.processor.TaskProcessor - Creating operator > orthogroups_phylogeny_with_iqtree_no_boostrap -- maxForks: 112
Dec-19 14:00:24.470 [main] DEBUG nextflow.executor.ExecutorFactory - << taskConfig executor: null
Dec-19 14:00:24.470 [main] DEBUG nextflow.executor.ExecutorFactory - >> processorType: 'local'
Dec-19 14:00:24.471 [main] DEBUG nextflow.processor.TaskProcessor - Creating operator > get_core_orthogroups -- maxForks: 112
Dec-19 14:00:24.474 [main] DEBUG nextflow.executor.ExecutorFactory - << taskConfig executor: null
Dec-19 14:00:24.474 [main] DEBUG nextflow.executor.ExecutorFactory - >> processorType: 'local'
Dec-19 14:00:24.474 [main] DEBUG nextflow.processor.TaskProcessor - Creating operator > concatenate_core_orthogroups -- maxForks: 112
Dec-19 14:00:24.477 [main] DEBUG nextflow.executor.ExecutorFactory - << taskConfig executor: null
Dec-19 14:00:24.477 [main] DEBUG nextflow.executor.ExecutorFactory - >> processorType: 'local'
Dec-19 14:00:24.477 [main] DEBUG nextflow.processor.TaskProcessor - Creating operator > build_core_phylogeny_with_fasttree -- maxForks: 112
Dec-19 14:00:24.480 [main] DEBUG nextflow.executor.ExecutorFactory - << taskConfig executor: null
Dec-19 14:00:24.480 [main] DEBUG nextflow.executor.ExecutorFactory - >> processorType: 'local'
Dec-19 14:00:24.481 [main] DEBUG nextflow.processor.TaskProcessor - Creating operator > rpsblast_COG -- maxForks: 112
Dec-19 14:00:24.485 [Task submitter] DEBUG nextflow.executor.LocalTaskHandler - Launch cmd line: /bin/bash -ue .command.run
Dec-19 14:00:24.487 [main] DEBUG nextflow.executor.ExecutorFactory - << taskConfig executor: null
Dec-19 14:00:24.487 [main] DEBUG nextflow.executor.ExecutorFactory - >> processorType: 'local'
Dec-19 14:00:24.488 [main] DEBUG nextflow.processor.TaskProcessor - Creating operator > blast_swissprot -- maxForks: 112
Dec-19 14:00:24.489 [main] DEBUG nextflow.executor.ExecutorFactory - << taskConfig executor: null
Dec-19 14:00:24.489 [main] DEBUG nextflow.executor.ExecutorFactory - >> processorType: 'local'
Dec-19 14:00:24.490 [main] DEBUG nextflow.processor.TaskProcessor - Creating operator > plast_refseq -- maxForks: 112
Dec-19 14:00:24.490 [Task submitter] INFO  nextflow.Session - [b2/85c537] Submitted process > copy_local_assemblies (1)
Dec-19 14:00:24.492 [main] DEBUG nextflow.executor.ExecutorFactory - << taskConfig executor: null
Dec-19 14:00:24.492 [main] DEBUG nextflow.executor.ExecutorFactory - >> processorType: 'local'
Dec-19 14:00:24.492 [main] DEBUG nextflow.processor.TaskProcessor - Creating operator > diamond_refseq -- maxForks: 112
Dec-19 14:00:24.494 [main] WARN  nextflow.extension.IntoOp - The `into` operator should be used to connect two or more target channels -- consider to replace it with `.set { refseq_diamond_results_sqlitedb }`
Dec-19 14:00:24.496 [main] DEBUG nextflow.executor.ExecutorFactory - << taskConfig executor: null
Dec-19 14:00:24.496 [main] DEBUG nextflow.executor.ExecutorFactory - >> processorType: 'local'
Dec-19 14:00:24.496 [main] DEBUG nextflow.processor.TaskProcessor - Creating operator > get_uniparc_mapping -- maxForks: 112
Dec-19 14:00:24.498 [main] DEBUG nextflow.executor.ExecutorFactory - << taskConfig executor: null
Dec-19 14:00:24.499 [main] DEBUG nextflow.executor.ExecutorFactory - >> processorType: 'local'
Dec-19 14:00:24.499 [main] DEBUG nextflow.processor.TaskProcessor - Creating operator > get_uniprot_data -- maxForks: 112
Dec-19 14:00:24.500 [main] DEBUG nextflow.executor.ExecutorFactory - << taskConfig executor: null
Dec-19 14:00:24.500 [main] DEBUG nextflow.executor.ExecutorFactory - >> processorType: 'local'
Dec-19 14:00:24.501 [main] DEBUG nextflow.processor.TaskProcessor - Creating operator > get_string_mapping -- maxForks: 112
Dec-19 14:00:24.502 [main] DEBUG nextflow.executor.ExecutorFactory - << taskConfig executor: null
Dec-19 14:00:24.502 [main] DEBUG nextflow.executor.ExecutorFactory - >> processorType: 'local'
Dec-19 14:00:24.503 [main] DEBUG nextflow.processor.TaskProcessor - Creating operator > get_string_PMID_mapping -- maxForks: 112
Dec-19 14:00:24.504 [main] DEBUG nextflow.executor.ExecutorFactory - << taskConfig executor: null
Dec-19 14:00:24.504 [main] DEBUG nextflow.executor.ExecutorFactory - >> processorType: 'local'
Dec-19 14:00:24.504 [main] DEBUG nextflow.processor.TaskProcessor - Creating operator > get_tcdb_mapping -- maxForks: 112
Dec-19 14:00:24.507 [main] DEBUG nextflow.executor.ExecutorFactory - << taskConfig executor: null
Dec-19 14:00:24.507 [main] DEBUG nextflow.executor.ExecutorFactory - >> processorType: 'local'
Dec-19 14:00:24.507 [main] DEBUG nextflow.processor.TaskProcessor - Creating operator > tcdb_gblast3 -- maxForks: 20
Dec-19 14:00:24.509 [main] DEBUG nextflow.executor.ExecutorFactory - << taskConfig executor: null
Dec-19 14:00:24.509 [main] DEBUG nextflow.executor.ExecutorFactory - >> processorType: 'local'
Dec-19 14:00:24.509 [main] DEBUG nextflow.processor.TaskProcessor - Creating operator > get_pdb_mapping -- maxForks: 112
Dec-19 14:00:24.510 [main] DEBUG nextflow.executor.ExecutorFactory - << taskConfig executor: null
Dec-19 14:00:24.510 [main] DEBUG nextflow.executor.ExecutorFactory - >> processorType: 'local'
Dec-19 14:00:24.511 [main] DEBUG nextflow.processor.TaskProcessor - Creating operator > get_oma_mapping -- maxForks: 112
Dec-19 14:00:24.513 [main] DEBUG nextflow.executor.ExecutorFactory - << taskConfig executor: null
Dec-19 14:00:24.513 [main] DEBUG nextflow.executor.ExecutorFactory - >> processorType: 'local'
Dec-19 14:00:24.513 [main] DEBUG nextflow.processor.TaskProcessor - Creating operator > execute_interproscan_no_uniparc_matches -- maxForks: 112
Dec-19 14:00:24.515 [main] DEBUG nextflow.executor.ExecutorFactory - << taskConfig executor: null
Dec-19 14:00:24.515 [main] DEBUG nextflow.executor.ExecutorFactory - >> processorType: 'local'
Dec-19 14:00:24.516 [main] DEBUG nextflow.processor.TaskProcessor - Creating operator > execute_interproscan_uniparc_matches -- maxForks: 112
Dec-19 14:00:24.517 [main] DEBUG nextflow.executor.ExecutorFactory - << taskConfig executor: null
Dec-19 14:00:24.517 [main] DEBUG nextflow.executor.ExecutorFactory - >> processorType: 'local'
Dec-19 14:00:24.518 [main] DEBUG nextflow.processor.TaskProcessor - Creating operator > execute_kofamscan -- maxForks: 112
Dec-19 14:00:24.519 [main] DEBUG nextflow.executor.ExecutorFactory - << taskConfig executor: null
Dec-19 14:00:24.519 [main] DEBUG nextflow.executor.ExecutorFactory - >> processorType: 'local'
Dec-19 14:00:24.520 [main] DEBUG nextflow.processor.TaskProcessor - Creating operator > execute_PRIAM -- maxForks: 112
Dec-19 14:00:24.522 [main] DEBUG nextflow.executor.ExecutorFactory - << taskConfig executor: null
Dec-19 14:00:24.522 [main] DEBUG nextflow.executor.ExecutorFactory - >> processorType: 'local'
Dec-19 14:00:24.522 [main] DEBUG nextflow.processor.TaskProcessor - Creating operator > setup_orthology_db -- maxForks: 112
Dec-19 14:00:24.524 [main] DEBUG nextflow.executor.ExecutorFactory - << taskConfig executor: null
Dec-19 14:00:24.524 [main] DEBUG nextflow.executor.ExecutorFactory - >> processorType: 'local'
Dec-19 14:00:24.524 [main] DEBUG nextflow.processor.TaskProcessor - Creating operator > setup_diamond_refseq_db -- maxForks: 112
Dec-19 14:00:24.526 [main] DEBUG nextflow.executor.ExecutorFactory - << taskConfig executor: null
Dec-19 14:00:24.526 [main] DEBUG nextflow.executor.ExecutorFactory - >> processorType: 'local'
Dec-19 14:00:24.526 [main] DEBUG nextflow.processor.TaskProcessor - Creating operator > get_refseq_hits_taxonomy -- maxForks: 112
Dec-19 14:00:24.528 [main] DEBUG nextflow.executor.ExecutorFactory - << taskConfig executor: null
Dec-19 14:00:24.528 [main] DEBUG nextflow.executor.ExecutorFactory - >> processorType: 'local'
Dec-19 14:00:24.528 [main] DEBUG nextflow.processor.TaskProcessor - Creating operator > get_diamond_refseq_top_hits -- maxForks: 112
Dec-19 14:00:24.530 [main] DEBUG nextflow.executor.ExecutorFactory - << taskConfig executor: null
Dec-19 14:00:24.530 [main] DEBUG nextflow.executor.ExecutorFactory - >> processorType: 'local'
Dec-19 14:00:24.531 [main] DEBUG nextflow.processor.TaskProcessor - Creating operator > align_refseq_BBH_with_mafft -- maxForks: 112
Dec-19 14:00:24.533 [main] DEBUG nextflow.executor.ExecutorFactory - << taskConfig executor: null
Dec-19 14:00:24.533 [main] DEBUG nextflow.executor.ExecutorFactory - >> processorType: 'local'
Dec-19 14:00:24.534 [main] DEBUG nextflow.processor.TaskProcessor - Creating *combiner* operator for each param(s) at index(es): [0]
Dec-19 14:00:24.534 [main] DEBUG nextflow.processor.TaskProcessor - Creating operator > orthogroup_refseq_BBH_phylogeny_with_fasttree -- maxForks: 112
Dec-19 14:00:24.536 [main] DEBUG nextflow.script.BaseScript - No entry workflow defined
Dec-19 14:00:24.536 [main] DEBUG nextflow.script.ScriptRunner - > Await termination 
Dec-19 14:00:24.536 [main] DEBUG nextflow.Session - Session await
Dec-19 14:00:24.755 [Task monitor] DEBUG n.processor.TaskPollingMonitor - Task completed > TaskHandler[id: 1; name: copy_local_assemblies (1); status: COMPLETED; exit: 0; error: -; workDir: /scratch/hdd/bmarquis/annotation_pipeline_nextflow/work/b2/85c5379df63c30a4f51a935ee22ed4]
Dec-19 14:00:24.777 [Task monitor] DEBUG n.util.BlockingThreadExecutorFactory - Thread pool name=FileTransfer; maxThreads=336; maxQueueSize=1008; keepAlive=1m
Dec-19 14:00:24.807 [Task submitter] DEBUG nextflow.executor.LocalTaskHandler - Launch cmd line: /bin/bash -ue .command.run
Dec-19 14:00:24.809 [Task submitter] INFO  nextflow.Session - [87/1d9822] Submitted process > gbk_check
Dec-19 14:00:25.001 [Task monitor] DEBUG n.processor.TaskPollingMonitor - Task completed > TaskHandler[id: 2; name: gbk_check; status: COMPLETED; exit: 0; error: -; workDir: /scratch/hdd/bmarquis/annotation_pipeline_nextflow/work/87/1d9822eb442e1a3084fd9846eebd43]
Dec-19 14:00:25.068 [Task submitter] DEBUG nextflow.executor.LocalTaskHandler - Launch cmd line: /bin/bash -ue .command.run
Dec-19 14:00:25.069 [Task submitter] INFO  nextflow.Session - [b1/508eaa] Submitted process > convert_gbk_to_faa (1)
Dec-19 14:00:25.235 [Task monitor] DEBUG n.processor.TaskPollingMonitor - Task completed > TaskHandler[id: 3; name: convert_gbk_to_faa (1); status: COMPLETED; exit: 0; error: -; workDir: /scratch/hdd/bmarquis/annotation_pipeline_nextflow/work/b1/508eaa124439ffdabaf862b39ddb26]
Dec-19 14:00:25.265 [Task submitter] DEBUG nextflow.executor.LocalTaskHandler - Launch cmd line: /bin/bash -ue .command.run
Dec-19 14:00:25.265 [Task submitter] INFO  nextflow.Session - [d7/b75494] Submitted process > prepare_orthofinder
Dec-19 14:00:25.310 [Actor Thread 5] DEBUG nextflow.sort.BigSort - Sort completed -- entries: 1; slices: 1; internal sort time: 0.001 s; external sort time: 0.012 s; total time: 0.013 s
Dec-19 14:00:25.317 [Actor Thread 5] DEBUG nextflow.file.FileCollector - Saved collect-files list to: /tmp/4d46f0ab2cbdeaaf5e2a6987d1c0660d.collect-file
Dec-19 14:00:25.324 [Actor Thread 5] DEBUG nextflow.file.FileCollector - Deleting file collector temp dir: /tmp/nxf-8659875990259557502
Dec-19 14:00:25.335 [Task submitter] DEBUG nextflow.executor.LocalTaskHandler - Launch cmd line: /bin/bash -ue .command.run
Dec-19 14:00:25.336 [Task submitter] INFO  nextflow.Session - [3d/5c6da8] Submitted process > get_nr_sequences (1)
Dec-19 14:00:25.561 [Task monitor] DEBUG n.processor.TaskPollingMonitor - Task completed > TaskHandler[id: 5; name: get_nr_sequences (1); status: COMPLETED; exit: 0; error: -; workDir: /scratch/hdd/bmarquis/annotation_pipeline_nextflow/work/3d/5c6da83f5d18f7e796bcc574d87813]
Dec-19 14:00:25.596 [Actor Thread 8] DEBUG nextflow.sort.BigSort - Sort completed -- entries: 1; slices: 1; internal sort time: 0.0 s; external sort time: 0.001 s; total time: 0.001 s
Dec-19 14:00:25.601 [Actor Thread 8] DEBUG nextflow.file.FileCollector - Saved collect-files list to: /tmp/02888c51bca096b5dc55c8d750071df8.collect-file
Dec-19 14:00:25.602 [Actor Thread 8] DEBUG nextflow.file.FileCollector - Deleting file collector temp dir: /tmp/nxf-1304075076613872934
Dec-19 14:00:25.611 [Actor Thread 5] DEBUG n.splitter.AbstractTextSplitter - Splitter `Fasta` collector path: nextflow.splitter.TextFileCollector$CachePath(/scratch/hdd/bmarquis/annotation_pipeline_nextflow/work/18/0a510e44229ee74ce2e7fb1666fb95/chunk_, null)
Dec-19 14:00:25.644 [Task submitter] DEBUG nextflow.executor.LocalTaskHandler - Launch cmd line: /bin/bash -ue .command.run
Dec-19 14:00:25.646 [Task submitter] INFO  nextflow.Session - [1a/24dc36] Submitted process > get_pdb_mapping (1)
Dec-19 14:00:25.648 [Actor Thread 9] DEBUG nextflow.file.SortFileCollector - FileCollector temp dir not removed: null
Dec-19 14:00:25.651 [Actor Thread 12] DEBUG nextflow.conda.CondaCache - Conda found local env for environment=bioconda::diamond=0.9.24; path=/home/bmarquis/miniconda3/nextflow/env-585b4c60e4f04b8e36470dea2018755a
Dec-19 14:00:25.651 [Actor Thread 2] DEBUG nextflow.conda.CondaCache - Conda found local env for environment=hmmer=3.2.1 parallel ruby=2.4.5; path=/home/bmarquis/miniconda3/nextflow/env-8a6be00f909ebccc0f62f433583c6eb6
Dec-19 14:00:25.653 [Actor Thread 2] DEBUG nextflow.conda.CondaCache - Conda found local env for environment=bioconda::blast=2.7.1; path=/home/bmarquis/miniconda3/nextflow/env-5e1eeaa4a023b047bd661cbc36a2c7c6
Dec-19 14:00:25.676 [Task submitter] DEBUG nextflow.executor.LocalTaskHandler - Launch cmd line: /bin/bash -ue .command.run
Dec-19 14:00:25.677 [Task submitter] INFO  nextflow.Session - [7d/e2c1fa] Submitted process > get_string_mapping (1)
Dec-19 14:00:25.686 [Task submitter] DEBUG nextflow.executor.LocalTaskHandler - Launch cmd line: /bin/bash -ue .command.run
Dec-19 14:00:25.687 [Task submitter] INFO  nextflow.Session - [7b/c0c039] Submitted process > get_tcdb_mapping (1)
Dec-19 14:00:25.818 [Task monitor] DEBUG n.processor.TaskPollingMonitor - Task completed > TaskHandler[id: 8; name: get_pdb_mapping (1); status: COMPLETED; exit: 0; error: -; workDir: /scratch/hdd/bmarquis/annotation_pipeline_nextflow/work/1a/24dc3655d7b1e9cf80e1c985279c25]
Dec-19 14:00:25.822 [Task submitter] DEBUG nextflow.executor.LocalTaskHandler - Launch cmd line: /bin/bash -ue .command.run
Dec-19 14:00:25.823 [Task submitter] INFO  nextflow.Session - [f9/bf75c8] Submitted process > get_oma_mapping (1)
Dec-19 14:00:25.844 [Task monitor] DEBUG n.processor.TaskPollingMonitor - Task completed > TaskHandler[id: 6; name: get_tcdb_mapping (1); status: COMPLETED; exit: 0; error: -; workDir: /scratch/hdd/bmarquis/annotation_pipeline_nextflow/work/7b/c0c039b0ef711e5886295d188fa2e9]
Dec-19 14:00:25.847 [Actor Thread 3] DEBUG n.splitter.AbstractTextSplitter - Splitter `Fasta` collector path: nextflow.splitter.TextFileCollector$CachePath(/scratch/hdd/bmarquis/annotation_pipeline_nextflow/work/fa/472440464e724df0a46f2f6b4501c4/chunk, null)
Dec-19 14:00:25.849 [Task submitter] DEBUG nextflow.executor.LocalTaskHandler - Launch cmd line: /bin/bash -ue .command.run
Dec-19 14:00:25.850 [Task submitter] INFO  nextflow.Session - [e7/455158] Submitted process > get_uniparc_mapping (1)
Dec-19 14:00:25.944 [Task monitor] DEBUG n.processor.TaskPollingMonitor - Task completed > TaskHandler[id: 9; name: get_string_mapping (1); status: COMPLETED; exit: 0; error: -; workDir: /scratch/hdd/bmarquis/annotation_pipeline_nextflow/work/7d/e2c1fac7e78f2b76277f885af9ed68]
Dec-19 14:00:25.970 [Task monitor] DEBUG n.processor.TaskPollingMonitor - Task completed > TaskHandler[id: 10; name: get_oma_mapping (1); status: COMPLETED; exit: 0; error: -; workDir: /scratch/hdd/bmarquis/annotation_pipeline_nextflow/work/f9/bf75c8778fc661f4ff494191e68780]
Dec-19 14:00:25.975 [Task submitter] DEBUG nextflow.executor.LocalTaskHandler - Launch cmd line: /bin/bash -ue .command.run
Dec-19 14:00:25.976 [Task submitter] INFO  nextflow.Session - [49/f3f29c] Submitted process > rpsblast_COG (1)
Dec-19 14:00:26.011 [Task monitor] DEBUG n.processor.TaskPollingMonitor - Task completed > TaskHandler[id: 7; name: get_uniparc_mapping (1); status: COMPLETED; exit: 0; error: -; workDir: /scratch/hdd/bmarquis/annotation_pipeline_nextflow/work/e7/455158f2d7cd153e0bff7525afd0a6]
Dec-19 14:00:26.016 [Task submitter] DEBUG nextflow.executor.LocalTaskHandler - Launch cmd line: /bin/bash -ue .command.run
Dec-19 14:00:26.016 [Actor Thread 20] DEBUG n.splitter.AbstractTextSplitter - Splitter `Fasta` collector path: nextflow.splitter.TextFileCollector$CachePath(/scratch/hdd/bmarquis/annotation_pipeline_nextflow/work/23/cda3c88c41a9795a6084fe1e8734c4/no_uniparc_match_chunk_, null)
Dec-19 14:00:26.016 [Actor Thread 21] DEBUG n.splitter.AbstractTextSplitter - Splitter `Fasta` collector path: nextflow.splitter.TextFileCollector$CachePath(/scratch/hdd/bmarquis/annotation_pipeline_nextflow/work/06/6025aecb3dd481ddb015c9d256e32c/uniparc_match_chunk_, null)
Dec-19 14:00:26.017 [Task submitter] INFO  nextflow.Session - [f3/961c2d] Submitted process > get_string_PMID_mapping (1)
Dec-19 14:00:26.042 [Task monitor] DEBUG n.processor.TaskPollingMonitor - Task completed > TaskHandler[id: 13; name: rpsblast_COG (1); status: COMPLETED; exit: 3; error: -; workDir: /scratch/hdd/bmarquis/annotation_pipeline_nextflow/work/49/f3f29ca7a07f0156c2b61fe046059e]
Dec-19 14:00:26.047 [Task submitter] DEBUG nextflow.executor.LocalTaskHandler - Launch cmd line: /bin/bash -ue .command.run
Dec-19 14:00:26.048 [Task submitter] INFO  nextflow.Session - [19/7dacc7] Submitted process > diamond_refseq (1)
Dec-19 14:00:26.077 [Task monitor] ERROR nextflow.processor.TaskProcessor - Error executing process > 'rpsblast_COG (1)'

Caused by:
  Process `rpsblast_COG (1)` terminated with an error exit status (3)

Command executed:

  rpsblast -db /data/databases/cdd/Cog -query seq -outfmt 6 -evalue 0.001 -num_threads 4 > blast_result

Command exit status:
  3

Command output:
  (empty)

Command error:
  BLAST engine error: Cannot retrieve path to RPS database

Work dir:
  /scratch/hdd/bmarquis/annotation_pipeline_nextflow/work/49/f3f29ca7a07f0156c2b61fe046059e

Tip: you can try to figure out what's wrong by changing to the process work dir and showing the script file named `.command.sh`
Dec-19 14:00:26.080 [Actor Thread 3] DEBUG nextflow.file.SortFileCollector - FileCollector temp dir not removed: null
Dec-19 14:00:26.082 [Task monitor] DEBUG nextflow.Session - Session aborted -- Cause: Process `rpsblast_COG (1)` terminated with an error exit status (3)
Dec-19 14:00:26.100 [Task monitor] DEBUG nextflow.Session - The following nodes are still active:
[process] blast_orthofinder
  status=ACTIVE
  port 0: (value) OPEN  ; channel: complete_dir
  port 1: (value) OPEN  ; channel: __$eachinparam<1>
  port 2: (value) OPEN  ; channel: __$eachinparam<2>
  port 3: (cntrl) -     ; channel: $

[process] orthofinder_main
  status=ACTIVE
  port 0: (value) OPEN  ; channel: complete_dir
  port 1: (value) OPEN  ; channel: blast_results
  port 2: (cntrl) -     ; channel: $

[process] orthogroups2fasta
  status=ACTIVE
  port 0: (value) OPEN  ; channel: Orthogroups.txt
  port 1: (value) bound ; channel: genome_list
  port 2: (cntrl) -     ; channel: $

[process] align_with_mafft
  status=ACTIVE
  port 0: (queue) OPEN  ; channel: og
  port 1: (cntrl) -     ; channel: $

[process] orthogroups_phylogeny_with_fasttree3
  status=ACTIVE
  port 0: (value) OPEN  ; channel: __$eachinparam<0>
  port 1: (cntrl) -     ; channel: $

[process] orthogroups_phylogeny_with_iqtree
  status=ACTIVE
  port 0: (value) OPEN  ; channel: __$eachinparam<0>
  port 1: (cntrl) -     ; channel: $

[process] orthogroups_phylogeny_with_iqtree_no_boostrap
  status=ACTIVE
  port 0: (value) OPEN  ; channel: __$eachinparam<0>
  port 1: (cntrl) -     ; channel: $

[process] get_core_orthogroups
  status=ACTIVE
  port 0: (value) OPEN  ; channel: Orthogroups.txt
  port 1: (value) bound ; channel: genome_list
  port 2: (value) OPEN  ; channel: fasta_files
  port 3: (cntrl) -     ; channel: $

[process] concatenate_core_orthogroups
  status=ACTIVE
  port 0: (value) OPEN  ; channel: core_groups
  port 1: (cntrl) -     ; channel: $

[process] build_core_phylogeny_with_fasttree
  status=ACTIVE
  port 0: (value) OPEN  ; channel: msa.faa
  port 1: (cntrl) -     ; channel: $

[process] setup_orthology_db
  status=ACTIVE
  port 0: (queue) OPEN  ; channel: nr_mapping_file
  port 1: (value) OPEN  ; channel: orthogroup
  port 2: (queue) OPEN  ; channel: nr_fasta
  port 3: (cntrl) -     ; channel: $

[process] setup_diamond_refseq_db
  status=ACTIVE
  port 0: (value) OPEN  ; channel: diamond_tsv_list
  port 1: (cntrl) -     ; channel: $

[process] get_refseq_hits_taxonomy
  status=ACTIVE
  port 0: (value) OPEN  ; channel: refseq_hit_table
  port 1: (cntrl) -     ; channel: $

[process] get_diamond_refseq_top_hits
  status=ACTIVE
  port 0: (queue) OPEN  ; channel: orthology.db
  port 1: (value) OPEN  ; channel: refseq_taxonomy.db
  port 2: (value) OPEN  ; channel: diamond_refseq.db
  port 3: (cntrl) -     ; channel: $

[process] align_refseq_BBH_with_mafft
  status=ACTIVE
  port 0: (queue) OPEN  ; channel: og
  port 1: (cntrl) -     ; channel: $

[process] orthogroup_refseq_BBH_phylogeny_with_fasttree
  status=ACTIVE
  port 0: (value) OPEN  ; channel: __$eachinparam<0>
  port 1: (cntrl) -     ; channel: $

Dec-19 14:00:26.101 [Task monitor] INFO  nextflow.Nextflow - Workflow execution stopped with the following message:
Dec-19 14:00:26.102 [Task monitor] INFO  nextflow.Nextflow -   BLAST engine error: Cannot retrieve path to RPS database
Dec-19 14:00:26.102 [main] DEBUG nextflow.Session - Session await > all process finished
Dec-19 14:00:26.104 [main] DEBUG nextflow.Session - Session await > all barriers passed
Dec-19 14:00:26.119 [Actor Thread 23] DEBUG nextflow.file.SortFileCollector - FileCollector temp dir not removed: null
Dec-19 14:00:26.123 [main] INFO  nextflow.Nextflow - Completed at: 2019-12-19T14:00:26.118942+01:00
Dec-19 14:00:26.131 [main] INFO  nextflow.Nextflow - Duration    : 3.2s
Dec-19 14:00:26.131 [main] INFO  nextflow.Nextflow - Success     : false
Dec-19 14:00:26.132 [main] INFO  nextflow.Nextflow - Exit status : 3
Dec-19 14:00:26.138 [main] WARN  n.processor.TaskPollingMonitor - Killing pending tasks (3)
Dec-19 14:00:26.162 [main] DEBUG nextflow.executor.LocalTaskHandler - Unable to kill diamond_refseq (1) -- command: kill -TERM 34130; exit: 1 
 bash: line 0: kill: (34130) - No such process

Dec-19 14:00:26.171 [main] DEBUG nextflow.trace.StatsObserver - Workflow completed > WorkflowStats[succeedCount=9; failedCount=4; ignoredCount=0; cachedCount=0; succeedDuration=2.1s; failedDuration=80ms; cachedDuration=0ms]
Dec-19 14:00:26.293 [main] DEBUG nextflow.CacheDB - Closing CacheDB done
Dec-19 14:00:26.315 [main] DEBUG nextflow.script.ScriptRunner - > Execution complete -- Goodbye
